c:\users\acart\desktop\basecodesdl\basecodesdl\x64\debug\vc143.pdb
c:\users\acart\desktop\basecodesdl\basecodesdl\x64\debug\vc143.idb
c:\users\acart\desktop\basecodesdl\basecodesdl\x64\debug\timer.obj
c:\users\acart\desktop\basecodesdl\basecodesdl\x64\debug\main.obj
c:\users\acart\desktop\basecodesdl\basecodesdl\x64\debug\input.obj
c:\users\acart\desktop\basecodesdl\basecodesdl\x64\debug\game.obj
c:\users\acart\desktop\basecodesdl\basecodesdl\x64\debug\common.obj
c:\users\acart\desktop\basecodesdl\basecodesdl\x64\debug\bouton.obj
c:\users\acart\desktop\basecodesdl\basecodesdl\x64\debug\assets.obj
c:\users\acart\desktop\basecodesdl\basecodesdl\x64\debug\ai.obj
c:\users\acart\desktop\basecodesdl\x64\debug\basecodesdl.exe
c:\users\acart\desktop\basecodesdl\basecodesdl\x64\debug\basecodesdl.ilk
c:\users\acart\desktop\basecodesdl\x64\debug\basecodesdl.pdb
c:\users\acart\desktop\basecodesdl\basecodesdl\x64\debug\basecodesdl.pdb
c:\users\acart\desktop\basecodesdl\basecodesdl\x64\debug\basecodesdl.tlog\cl.command.1.tlog
c:\users\acart\desktop\basecodesdl\basecodesdl\x64\debug\basecodesdl.tlog\cl.read.1.tlog
c:\users\acart\desktop\basecodesdl\basecodesdl\x64\debug\basecodesdl.tlog\cl.write.1.tlog
c:\users\acart\desktop\basecodesdl\basecodesdl\x64\debug\basecodesdl.tlog\link.command.1.tlog
c:\users\acart\desktop\basecodesdl\basecodesdl\x64\debug\basecodesdl.tlog\link.read.1.tlog
c:\users\acart\desktop\basecodesdl\basecodesdl\x64\debug\basecodesdl.tlog\link.write.1.tlog
